<?xml version="1.0" encoding="UTF-8"?>
<!-- Generated by org.testng.reporters.JUnitReportReporter -->
<testsuite hostname="DESKTOP-H66600C" failures="0" tests="1" name="apiTestGet" time="8.473" errors="0" timestamp="2025-01-05T11:53:39 IST" skipped="0">
  <testcase classname="apiTestGet" name="testGetRequest" time="8.473"/>
  <system-out/>
</testsuite> <!-- apiTestGet -->
