<?xml version="1.0" encoding="UTF-8"?>
<!-- Generated by org.testng.reporters.JUnitReportReporter -->
<testsuite hostname="DESKTOP-H66600C" failures="0" tests="1" name="coinDeskRequestValidations" time="12.173" errors="0" timestamp="2025-01-29T22:21:44 IST" skipped="0">
  <testcase classname="coinDeskRequestValidations" name="getApi" time="12.173"/>
  <system-out/>
</testsuite> <!-- coinDeskRequestValidations -->
