<?xml version="1.0" encoding="UTF-8"?>
<!-- Generated by org.testng.reporters.JUnitReportReporter -->
<testsuite hostname="DESKTOP-H66600C" failures="0" tests="1" name="EcommerceTest" time="40.745" errors="0" timestamp="2025-01-29T22:06:09 IST" skipped="0">
  <testcase classname="EcommerceTest" name="addProductIntoCart" time="40.745"/>
  <system-out/>
</testsuite> <!-- EcommerceTest -->
